<?xml version="1.0" encoding="UTF-8"?>
<testng-results skipped="0" failed="0" ignored="0" total="2" passed="2">
  <reporter-output>
  </reporter-output>
  <suite name="Crossbrowser" duration-ms="16106" started-at="2019-01-31T17:21:38Z" finished-at="2019-01-31T17:21:54Z">
    <groups>
    </groups>
    <test name="crossbrowsertests" duration-ms="16106" started-at="2019-01-31T17:21:38Z" finished-at="2019-01-31T17:21:54Z">
      <class name="com.day01.CrossBrowserTesting">
        <test-method status="PASS" signature="FirefoxBrowser()[pri:0, instance:com.day01.CrossBrowserTesting@5c7fa833]" name="FirefoxBrowser" duration-ms="16075" started-at="2019-01-31T17:21:38Z" finished-at="2019-01-31T17:21:54Z">
          <reporter-output>
          </reporter-output>
        </test-method> <!-- FirefoxBrowser -->
        <test-method status="PASS" signature="Chromebrowser()[pri:0, instance:com.day01.CrossBrowserTesting@5c7fa833]" name="Chromebrowser" duration-ms="7210" started-at="2019-01-31T17:21:38Z" finished-at="2019-01-31T17:21:45Z">
          <reporter-output>
          </reporter-output>
        </test-method> <!-- Chromebrowser -->
      </class> <!-- com.day01.CrossBrowserTesting -->
    </test> <!-- crossbrowsertests -->
  </suite> <!-- Crossbrowser -->
</testng-results>
