<?xml version="1.0" encoding="UTF-8"?>
<testng-results skipped="0" failed="0" ignored="0" total="2" passed="2">
  <reporter-output>
  </reporter-output>
  <suite name="Crossbrowser" duration-ms="17363" started-at="2019-01-31T17:39:03Z" finished-at="2019-01-31T17:39:20Z">
    <groups>
    </groups>
    <test name="crossbrowsertests" duration-ms="17363" started-at="2019-01-31T17:39:03Z" finished-at="2019-01-31T17:39:20Z">
      <class name="com.day01.CrossBrowserTesting">
        <test-method status="PASS" signature="Chromebrowser()[pri:0, instance:com.day01.CrossBrowserTesting@21bcffb5]" name="Chromebrowser" duration-ms="7049" started-at="2019-01-31T17:39:03Z" finished-at="2019-01-31T17:39:10Z">
          <reporter-output>
          </reporter-output>
        </test-method> <!-- Chromebrowser -->
        <test-method status="PASS" signature="FirefoxBrowser()[pri:0, instance:com.day01.CrossBrowserTesting@21bcffb5]" name="FirefoxBrowser" duration-ms="17335" started-at="2019-01-31T17:39:03Z" finished-at="2019-01-31T17:39:20Z">
          <reporter-output>
          </reporter-output>
        </test-method> <!-- FirefoxBrowser -->
      </class> <!-- com.day01.CrossBrowserTesting -->
    </test> <!-- crossbrowsertests -->
  </suite> <!-- Crossbrowser -->
</testng-results>
